<?xml version="1.0" encoding="UTF-8"?>
<testng-results ignored="0" total="10" passed="9" failed="1" skipped="0">
  <reporter-output>
    <line>
      <![CDATA[Status code for POSt job = 200]]>
    </line>
    <line>
      <![CDATA[Status code for POSt job = 200]]>
    </line>
    <line>
      <![CDATA[Status code for POSt job = 200]]>
    </line>
    <line>
      <![CDATA[Status code for PUT job = 200]]>
    </line>
    <line>
      <![CDATA[Status code for PUT job = 200]]>
    </line>
    <line>
      <![CDATA[Status code for PUT job = 200]]>
    </line>
    <line>
      <![CDATA[Status code for Delete job = 200]]>
    </line>
    <line>
      <![CDATA[Status code for Delete job = 200]]>
    </line>
    <line>
      <![CDATA[Status code for Delete job = 200]]>
    </line>
  </reporter-output>
  <suite started-at="2022-01-13T17:25:18 PST" name="Default suite" finished-at="2022-01-13T17:25:29 PST" duration-ms="10990">
    <groups>
    </groups>
    <test started-at="2022-01-13T17:25:18 PST" name="Default test" finished-at="2022-01-13T17:25:29 PST" duration-ms="10990">
      <class name="TestJobPost">
        <test-method signature="jobapipost(java.lang.String,java.lang.String,java.lang.String,java.lang.String,java.lang.String,java.lang.String,java.lang.String)[pri:1, instance:TestJobPost@7bd4937b]" started-at="2022-01-13T17:25:19 PST" name="jobapipost" data-provider="dp1" finished-at="2022-01-13T17:25:23 PST" duration-ms="4870" status="PASS">
          <params>
            <param index="0">
              <value>
                <![CDATA[many]]>
              </value>
            </param>
            <param index="1">
              <value>
                <![CDATA[IBM]]>
              </value>
            </param>
            <param index="2">
              <value>
                <![CDATA[Pune]]>
              </value>
            </param>
            <param index="3">
              <value>
                <![CDATA[SSE]]>
              </value>
            </param>
            <param index="4">
              <value>
                <![CDATA[today]]>
              </value>
            </param>
            <param index="5">
              <value>
                <![CDATA[selnium 5yr experience]]>
              </value>
            </param>
            <param index="6">
              <value>
                <![CDATA[5555.0]]>
              </value>
            </param>
          </params>
          <reporter-output>
            <line>
              <![CDATA[Status code for POSt job = 200]]>
            </line>
          </reporter-output>
        </test-method> <!-- jobapipost -->
        <test-method signature="jobapipost(java.lang.String,java.lang.String,java.lang.String,java.lang.String,java.lang.String,java.lang.String,java.lang.String)[pri:1, instance:TestJobPost@7bd4937b]" started-at="2022-01-13T17:25:23 PST" name="jobapipost" data-provider="dp1" finished-at="2022-01-13T17:25:24 PST" duration-ms="498" status="PASS">
          <params>
            <param index="0">
              <value>
                <![CDATA[Richard]]>
              </value>
            </param>
            <param index="1">
              <value>
                <![CDATA[techm]]>
              </value>
            </param>
            <param index="2">
              <value>
                <![CDATA[banglore]]>
              </value>
            </param>
            <param index="3">
              <value>
                <![CDATA[TA]]>
              </value>
            </param>
            <param index="4">
              <value>
                <![CDATA[1/13/21]]>
              </value>
            </param>
            <param index="5">
              <value>
                <![CDATA[java]]>
              </value>
            </param>
            <param index="6">
              <value>
                <![CDATA[4466.0]]>
              </value>
            </param>
          </params>
          <reporter-output>
            <line>
              <![CDATA[Status code for POSt job = 200]]>
            </line>
          </reporter-output>
        </test-method> <!-- jobapipost -->
        <test-method signature="jobapipost(java.lang.String,java.lang.String,java.lang.String,java.lang.String,java.lang.String,java.lang.String,java.lang.String)[pri:1, instance:TestJobPost@7bd4937b]" started-at="2022-01-13T17:25:24 PST" name="jobapipost" data-provider="dp1" finished-at="2022-01-13T17:25:24 PST" duration-ms="479" status="PASS">
          <params>
            <param index="0">
              <value>
                <![CDATA[gagan]]>
              </value>
            </param>
            <param index="1">
              <value>
                <![CDATA[infy]]>
              </value>
            </param>
            <param index="2">
              <value>
                <![CDATA[gghg]]>
              </value>
            </param>
            <param index="3">
              <value>
                <![CDATA[SE]]>
              </value>
            </param>
            <param index="4">
              <value>
                <![CDATA[1day]]>
              </value>
            </param>
            <param index="5">
              <value>
                <![CDATA[.net]]>
              </value>
            </param>
            <param index="6">
              <value>
                <![CDATA[65757.0]]>
              </value>
            </param>
          </params>
          <reporter-output>
            <line>
              <![CDATA[Status code for POSt job = 200]]>
            </line>
          </reporter-output>
        </test-method> <!-- jobapipost -->
        <test-method signature="jobapiput(java.lang.String,java.lang.String,java.lang.String,java.lang.String,java.lang.String,java.lang.String)[pri:2, instance:TestJobPost@7bd4937b]" started-at="2022-01-13T17:25:24 PST" name="jobapiput" data-provider="dp1" finished-at="2022-01-13T17:25:25 PST" duration-ms="508" status="PASS">
          <params>
            <param index="0">
              <value>
                <![CDATA[Sofware eng]]>
              </value>
            </param>
            <param index="1">
              <value>
                <![CDATA[IBM]]>
              </value>
            </param>
            <param index="2">
              <value>
                <![CDATA[banglore]]>
              </value>
            </param>
            <param index="3">
              <value>
                <![CDATA[SSE]]>
              </value>
            </param>
            <param index="4">
              <value>
                <![CDATA[today]]>
              </value>
            </param>
            <param index="5">
              <value>
                <![CDATA[5555.0]]>
              </value>
            </param>
          </params>
          <reporter-output>
            <line>
              <![CDATA[Status code for PUT job = 200]]>
            </line>
          </reporter-output>
        </test-method> <!-- jobapiput -->
        <test-method signature="jobapiput(java.lang.String,java.lang.String,java.lang.String,java.lang.String,java.lang.String,java.lang.String)[pri:2, instance:TestJobPost@7bd4937b]" started-at="2022-01-13T17:25:25 PST" name="jobapiput" data-provider="dp1" finished-at="2022-01-13T17:25:25 PST" duration-ms="481" status="PASS">
          <params>
            <param index="0">
              <value>
                <![CDATA[SSE]]>
              </value>
            </param>
            <param index="1">
              <value>
                <![CDATA[techm]]>
              </value>
            </param>
            <param index="2">
              <value>
                <![CDATA[mumbai]]>
              </value>
            </param>
            <param index="3">
              <value>
                <![CDATA[TA]]>
              </value>
            </param>
            <param index="4">
              <value>
                <![CDATA[1/13/21]]>
              </value>
            </param>
            <param index="5">
              <value>
                <![CDATA[4466.0]]>
              </value>
            </param>
          </params>
          <reporter-output>
            <line>
              <![CDATA[Status code for PUT job = 200]]>
            </line>
          </reporter-output>
        </test-method> <!-- jobapiput -->
        <test-method signature="jobapiput(java.lang.String,java.lang.String,java.lang.String,java.lang.String,java.lang.String,java.lang.String)[pri:2, instance:TestJobPost@7bd4937b]" started-at="2022-01-13T17:25:25 PST" name="jobapiput" data-provider="dp1" finished-at="2022-01-13T17:25:26 PST" duration-ms="467" status="PASS">
          <params>
            <param index="0">
              <value>
                <![CDATA[Techarch]]>
              </value>
            </param>
            <param index="1">
              <value>
                <![CDATA[infy]]>
              </value>
            </param>
            <param index="2">
              <value>
                <![CDATA[pune]]>
              </value>
            </param>
            <param index="3">
              <value>
                <![CDATA[SE]]>
              </value>
            </param>
            <param index="4">
              <value>
                <![CDATA[1day]]>
              </value>
            </param>
            <param index="5">
              <value>
                <![CDATA[65757.0]]>
              </value>
            </param>
          </params>
          <reporter-output>
            <line>
              <![CDATA[Status code for PUT job = 200]]>
            </line>
          </reporter-output>
        </test-method> <!-- jobapiput -->
        <test-method signature="deletejobapi(java.lang.String)[pri:3, instance:TestJobPost@7bd4937b]" started-at="2022-01-13T17:25:26 PST" name="deletejobapi" data-provider="dp1" finished-at="2022-01-13T17:25:26 PST" duration-ms="457" status="FAIL">
          <params>
            <param index="0">
              <value>
                <![CDATA[4000.0]]>
              </value>
            </param>
          </params>
          <exception class="java.lang.AssertionError">
            <message>
              <![CDATA[expected [200] but found [404]]]>
            </message>
            <full-stacktrace>
              <![CDATA[java.lang.AssertionError: expected [200] but found [404]
at org.testng.Assert.fail(Assert.java:99)
at org.testng.Assert.failNotEquals(Assert.java:1037)
at org.testng.Assert.assertEqualsImpl(Assert.java:140)
at org.testng.Assert.assertEquals(Assert.java:122)
at org.testng.Assert.assertEquals(Assert.java:907)
at org.testng.Assert.assertEquals(Assert.java:917)
at TestJobPost.validateDelete(TestJobPost.java:128)
at TestJobPost.deletejobapi(TestJobPost.java:117)
at java.base/jdk.internal.reflect.NativeMethodAccessorImpl.invoke0(Native Method)
at java.base/jdk.internal.reflect.NativeMethodAccessorImpl.invoke(NativeMethodAccessorImpl.java:64)
at java.base/jdk.internal.reflect.DelegatingMethodAccessorImpl.invoke(DelegatingMethodAccessorImpl.java:43)
at java.base/java.lang.reflect.Method.invoke(Method.java:564)
at org.testng.internal.MethodInvocationHelper.invokeMethod(MethodInvocationHelper.java:133)
at org.testng.internal.TestInvoker.invokeMethod(TestInvoker.java:598)
at org.testng.internal.TestInvoker.invokeTestMethod(TestInvoker.java:173)
at org.testng.internal.MethodRunner.runInSequence(MethodRunner.java:46)
at org.testng.internal.TestInvoker$MethodInvocationAgent.invoke(TestInvoker.java:824)
at org.testng.internal.TestInvoker.invokeTestMethods(TestInvoker.java:146)
at org.testng.internal.TestMethodWorker.invokeTestMethods(TestMethodWorker.java:146)
at org.testng.internal.TestMethodWorker.run(TestMethodWorker.java:128)
at java.base/java.util.ArrayList.forEach(ArrayList.java:1511)
at org.testng.TestRunner.privateRun(TestRunner.java:794)
at org.testng.TestRunner.run(TestRunner.java:596)
at org.testng.SuiteRunner.runTest(SuiteRunner.java:377)
at org.testng.SuiteRunner.runSequentially(SuiteRunner.java:371)
at org.testng.SuiteRunner.privateRun(SuiteRunner.java:332)
at org.testng.SuiteRunner.run(SuiteRunner.java:276)
at org.testng.SuiteRunnerWorker.runSuite(SuiteRunnerWorker.java:53)
at org.testng.SuiteRunnerWorker.run(SuiteRunnerWorker.java:96)
at org.testng.TestNG.runSuitesSequentially(TestNG.java:1212)
at org.testng.TestNG.runSuitesLocally(TestNG.java:1134)
at org.testng.TestNG.runSuites(TestNG.java:1063)
at org.testng.TestNG.run(TestNG.java:1031)
at org.testng.remote.AbstractRemoteTestNG.run(AbstractRemoteTestNG.java:115)
at org.testng.remote.RemoteTestNG.initAndRun(RemoteTestNG.java:251)
at org.testng.remote.RemoteTestNG.main(RemoteTestNG.java:77)
]]>
            </full-stacktrace>
          </exception> <!-- java.lang.AssertionError -->
          <reporter-output>
          </reporter-output>
        </test-method> <!-- deletejobapi -->
        <test-method signature="deletejobapi(java.lang.String)[pri:3, instance:TestJobPost@7bd4937b]" started-at="2022-01-13T17:25:26 PST" name="deletejobapi" data-provider="dp1" finished-at="2022-01-13T17:25:27 PST" duration-ms="738" status="PASS">
          <params>
            <param index="0">
              <value>
                <![CDATA[4466.0]]>
              </value>
            </param>
          </params>
          <reporter-output>
            <line>
              <![CDATA[Status code for Delete job = 200]]>
            </line>
          </reporter-output>
        </test-method> <!-- deletejobapi -->
        <test-method signature="deletejobapi(java.lang.String)[pri:3, instance:TestJobPost@7bd4937b]" started-at="2022-01-13T17:25:27 PST" name="deletejobapi" data-provider="dp1" finished-at="2022-01-13T17:25:28 PST" duration-ms="681" status="PASS">
          <params>
            <param index="0">
              <value>
                <![CDATA[65757.0]]>
              </value>
            </param>
          </params>
          <reporter-output>
            <line>
              <![CDATA[Status code for Delete job = 200]]>
            </line>
          </reporter-output>
        </test-method> <!-- deletejobapi -->
        <test-method signature="deletejobapi(java.lang.String)[pri:3, instance:TestJobPost@7bd4937b]" started-at="2022-01-13T17:25:28 PST" name="deletejobapi" data-provider="dp1" finished-at="2022-01-13T17:25:28 PST" duration-ms="668" status="PASS">
          <params>
            <param index="0">
              <value>
                <![CDATA[5555.0]]>
              </value>
            </param>
          </params>
          <reporter-output>
            <line>
              <![CDATA[Status code for Delete job = 200]]>
            </line>
          </reporter-output>
        </test-method> <!-- deletejobapi -->
      </class> <!-- TestJobPost -->
    </test> <!-- Default test -->
  </suite> <!-- Default suite -->
</testng-results>
